[ 2017-02-03T10:11:59+08:00 ] ::1 /work/pv_shop/
INFO: [ app_init ] --START--
INFO: Run Behavior\BuildLiteBehavior [ RunTime:0.000033s ]
INFO: [ app_init ] --END-- [ RunTime:0.009828s ]
INFO: [ app_begin ] --START--
INFO: Run Behavior\ReadHtmlCacheBehavior [ RunTime:0.013121s ]
INFO: [ app_begin ] --END-- [ RunTime:0.013260s ]
NOTIC: [8192] mysql_connect(): The mysql extension is deprecated and will be removed in the future: use mysqli or PDO instead D:\xampp\htdocs\work\pv_shop\ThinkPHP\Library\Think\Db\Driver\Mysql.class.php 第 52 行.
SQL: SHOW COLUMNS FROM `cates` [ RunTime:0.026063s ]
SQL: SELECT * FROM `cates` WHERE ( pid=0 )  [ RunTime:0.000942s ]
SQL: SHOW COLUMNS FROM `view` [ RunTime:0.007819s ]
SQL: SELECT * FROM `view`  [ RunTime:0.000538s ]
SQL: SHOW COLUMNS FROM `recommend` [ RunTime:0.021957s ]
SQL: SELECT * FROM `recommend` WHERE ( cate_id = 1 and  status = 1 ) ORDER BY id desc LIMIT 2   [ RunTime:0.000397s ]
SQL: SELECT * FROM `recommend` WHERE ( cate_id = 3 and  status = 1 ) ORDER BY id desc LIMIT 2   [ RunTime:0.000369s ]
SQL: SELECT * FROM `recommend` WHERE ( cate_id = 4 and  status = 1 ) ORDER BY id desc LIMIT 2   [ RunTime:0.000333s ]
INFO: [ view_parse ] --START--
INFO: [ template_filter ] --START--
INFO: Run Behavior\ContentReplaceBehavior [ RunTime:0.000185s ]
INFO: [ template_filter ] --END-- [ RunTime:0.000295s ]
INFO: Run Behavior\ParseTemplateBehavior [ RunTime:0.136015s ]
INFO: [ view_parse ] --END-- [ RunTime:0.136122s ]
INFO: [ view_filter ] --START--
INFO: Run Behavior\WriteHtmlCacheBehavior [ RunTime:0.012131s ]
INFO: [ view_filter ] --END-- [ RunTime:0.012314s ]
INFO: [ app_end ] --START--
INFO: Run Behavior\ShowPageTraceBehavior [ RunTime:0.011476s ]
INFO: [ app_end ] --END-- [ RunTime:0.011671s ]

[ 2017-02-03T10:12:12+08:00 ] ::1 /work/pv_shop/
INFO: [ app_init ] --START--
INFO: Run Behavior\BuildLiteBehavior [ RunTime:0.000017s ]
INFO: [ app_init ] --END-- [ RunTime:0.000541s ]
INFO: [ app_begin ] --START--
INFO: Run Behavior\ReadHtmlCacheBehavior [ RunTime:0.000454s ]
INFO: [ app_begin ] --END-- [ RunTime:0.000504s ]
NOTIC: [8192] mysql_connect(): The mysql extension is deprecated and will be removed in the future: use mysqli or PDO instead D:\xampp\htdocs\work\pv_shop\ThinkPHP\Library\Think\Db\Driver\Mysql.class.php 第 52 行.
SQL: SHOW COLUMNS FROM `cates` [ RunTime:0.006291s ]
SQL: SELECT * FROM `cates` WHERE ( pid=0 )  [ RunTime:0.000798s ]
SQL: SHOW COLUMNS FROM `view` [ RunTime:0.004924s ]
SQL: SELECT * FROM `view`  [ RunTime:0.000551s ]
SQL: SHOW COLUMNS FROM `recommend` [ RunTime:0.005046s ]
SQL: SELECT * FROM `recommend` WHERE ( cate_id = 1 and  status = 1 ) ORDER BY id desc LIMIT 2   [ RunTime:0.000438s ]
SQL: SELECT * FROM `recommend` WHERE ( cate_id = 3 and  status = 1 ) ORDER BY id desc LIMIT 2   [ RunTime:0.000450s ]
SQL: SELECT * FROM `recommend` WHERE ( cate_id = 4 and  status = 1 ) ORDER BY id desc LIMIT 2   [ RunTime:0.000381s ]
INFO: [ view_parse ] --START--
INFO: [ template_filter ] --START--
INFO: Run Behavior\ContentReplaceBehavior [ RunTime:0.000088s ]
INFO: [ template_filter ] --END-- [ RunTime:0.000142s ]
INFO: Run Behavior\ParseTemplateBehavior [ RunTime:0.012755s ]
INFO: [ view_parse ] --END-- [ RunTime:0.012831s ]
INFO: [ view_filter ] --START--
INFO: Run Behavior\WriteHtmlCacheBehavior [ RunTime:0.000314s ]
INFO: [ view_filter ] --END-- [ RunTime:0.000354s ]
INFO: [ app_end ] --START--
INFO: Run Behavior\ShowPageTraceBehavior [ RunTime:0.000489s ]
INFO: [ app_end ] --END-- [ RunTime:0.000528s ]

[ 2017-02-03T10:12:15+08:00 ] ::1 /work/pv_shop/index.php/Home/index/cart
INFO: [ app_init ] --START--
INFO: Run Behavior\BuildLiteBehavior [ RunTime:0.000019s ]
INFO: [ app_init ] --END-- [ RunTime:0.000718s ]
INFO: [ app_begin ] --START--
INFO: Run Behavior\ReadHtmlCacheBehavior [ RunTime:0.000762s ]
INFO: [ app_begin ] --END-- [ RunTime:0.000820s ]
INFO: [ view_parse ] --START--
INFO: [ template_filter ] --START--
INFO: Run Behavior\ContentReplaceBehavior [ RunTime:0.000079s ]
INFO: [ template_filter ] --END-- [ RunTime:0.000138s ]
INFO: Run Behavior\ParseTemplateBehavior [ RunTime:0.075332s ]
INFO: [ view_parse ] --END-- [ RunTime:0.075395s ]
INFO: [ view_filter ] --START--
INFO: Run Behavior\WriteHtmlCacheBehavior [ RunTime:0.000420s ]
INFO: [ view_filter ] --END-- [ RunTime:0.000465s ]
INFO: [ app_end ] --START--
INFO: Run Behavior\ShowPageTraceBehavior [ RunTime:0.000660s ]
INFO: [ app_end ] --END-- [ RunTime:0.000703s ]

[ 2017-02-03T10:12:17+08:00 ] ::1 /work/pv_shop/index.php/Home/Index/search
INFO: [ app_init ] --START--
INFO: Run Behavior\BuildLiteBehavior [ RunTime:0.000013s ]
INFO: [ app_init ] --END-- [ RunTime:0.000374s ]
INFO: [ app_begin ] --START--
INFO: Run Behavior\ReadHtmlCacheBehavior [ RunTime:0.000525s ]
INFO: [ app_begin ] --END-- [ RunTime:0.000588s ]
NOTIC: [8192] mysql_connect(): The mysql extension is deprecated and will be removed in the future: use mysqli or PDO instead D:\xampp\htdocs\work\pv_shop\ThinkPHP\Library\Think\Db\Driver\Mysql.class.php 第 52 行.
SQL: SHOW COLUMNS FROM `goods` [ RunTime:0.034516s ]
NOTIC: [8] Undefined index: keyword D:\xampp\htdocs\work\pv_shop\Application\Home\Controller\IndexController.class.php 第 30 行.
SQL: SELECT * FROM `goods` WHERE ( gname like '%%' )  [ RunTime:0.001036s ]
INFO: [ view_parse ] --START--
INFO: [ template_filter ] --START--
INFO: Run Behavior\ContentReplaceBehavior [ RunTime:0.000059s ]
INFO: [ template_filter ] --END-- [ RunTime:0.000114s ]
INFO: Run Behavior\ParseTemplateBehavior [ RunTime:0.014365s ]
INFO: [ view_parse ] --END-- [ RunTime:0.014436s ]
INFO: [ view_filter ] --START--
INFO: Run Behavior\WriteHtmlCacheBehavior [ RunTime:0.000271s ]
INFO: [ view_filter ] --END-- [ RunTime:0.000314s ]
INFO: [ app_end ] --START--
INFO: Run Behavior\ShowPageTraceBehavior [ RunTime:0.000476s ]
INFO: [ app_end ] --END-- [ RunTime:0.000517s ]

[ 2017-02-03T10:12:18+08:00 ] ::1 /work/pv_shop/index.php/Home/Index/detail?id=3
INFO: [ app_init ] --START--
INFO: Run Behavior\BuildLiteBehavior [ RunTime:0.000014s ]
INFO: [ app_init ] --END-- [ RunTime:0.000431s ]
INFO: [ app_begin ] --START--
INFO: Run Behavior\ReadHtmlCacheBehavior [ RunTime:0.000886s ]
INFO: [ app_begin ] --END-- [ RunTime:0.001096s ]
NOTIC: [8192] mysql_connect(): The mysql extension is deprecated and will be removed in the future: use mysqli or PDO instead D:\xampp\htdocs\work\pv_shop\ThinkPHP\Library\Think\Db\Driver\Mysql.class.php 第 52 行.
SQL: SHOW COLUMNS FROM `goods` [ RunTime:0.005695s ]
SQL: SELECT * FROM `goods` WHERE ( id=3 ) LIMIT 1   [ RunTime:0.000617s ]
INFO: [ view_parse ] --START--
INFO: [ template_filter ] --START--
INFO: Run Behavior\ContentReplaceBehavior [ RunTime:0.000130s ]
INFO: [ template_filter ] --END-- [ RunTime:0.000233s ]
INFO: Run Behavior\ParseTemplateBehavior [ RunTime:0.078548s ]
INFO: [ view_parse ] --END-- [ RunTime:0.078666s ]
INFO: [ view_filter ] --START--
INFO: Run Behavior\WriteHtmlCacheBehavior [ RunTime:0.000767s ]
INFO: [ view_filter ] --END-- [ RunTime:0.000889s ]
INFO: [ app_end ] --START--
INFO: Run Behavior\ShowPageTraceBehavior [ RunTime:0.001191s ]
INFO: [ app_end ] --END-- [ RunTime:0.001345s ]

[ 2017-02-03T10:12:19+08:00 ] ::1 /work/pv_shop/index.php/Home/Index/addCart?gid=3
INFO: [ app_init ] --START--
INFO: Run Behavior\BuildLiteBehavior [ RunTime:0.000011s ]
INFO: [ app_init ] --END-- [ RunTime:0.000490s ]
INFO: [ app_begin ] --START--
INFO: Run Behavior\ReadHtmlCacheBehavior [ RunTime:0.000615s ]
INFO: [ app_begin ] --END-- [ RunTime:0.000688s ]
NOTIC: [8192] mysql_connect(): The mysql extension is deprecated and will be removed in the future: use mysqli or PDO instead D:\xampp\htdocs\work\pv_shop\ThinkPHP\Library\Think\Db\Driver\Mysql.class.php 第 52 行.
SQL: SHOW COLUMNS FROM `goods` [ RunTime:0.005310s ]
SQL: SELECT * FROM `goods` WHERE ( id=3 ) LIMIT 1   [ RunTime:0.000752s ]

[ 2017-02-03T10:12:21+08:00 ] ::1 /work/pv_shop/index.php/Home/Index/detail/id/3.html
INFO: [ app_init ] --START--
INFO: Run Behavior\BuildLiteBehavior [ RunTime:0.000013s ]
INFO: [ app_init ] --END-- [ RunTime:0.000362s ]
INFO: [ app_begin ] --START--
INFO: Run Behavior\ReadHtmlCacheBehavior [ RunTime:0.000476s ]
INFO: [ app_begin ] --END-- [ RunTime:0.000541s ]
NOTIC: [8192] mysql_connect(): The mysql extension is deprecated and will be removed in the future: use mysqli or PDO instead D:\xampp\htdocs\work\pv_shop\ThinkPHP\Library\Think\Db\Driver\Mysql.class.php 第 52 行.
SQL: SHOW COLUMNS FROM `goods` [ RunTime:0.006781s ]
SQL: SELECT * FROM `goods` WHERE ( id=3 ) LIMIT 1   [ RunTime:0.001100s ]
INFO: [ view_parse ] --START--
INFO: [ template_filter ] --START--
INFO: Run Behavior\ContentReplaceBehavior [ RunTime:0.000057s ]
INFO: [ template_filter ] --END-- [ RunTime:0.000104s ]
INFO: Run Behavior\ParseTemplateBehavior [ RunTime:0.007364s ]
INFO: [ view_parse ] --END-- [ RunTime:0.007442s ]
INFO: [ view_filter ] --START--
INFO: Run Behavior\WriteHtmlCacheBehavior [ RunTime:0.000295s ]
INFO: [ view_filter ] --END-- [ RunTime:0.000342s ]
INFO: [ app_end ] --START--
INFO: Run Behavior\ShowPageTraceBehavior [ RunTime:0.000564s ]
INFO: [ app_end ] --END-- [ RunTime:0.000784s ]

[ 2017-02-03T10:12:22+08:00 ] ::1 /work/pv_shop/index.php/home/index/index.html
INFO: [ app_init ] --START--
INFO: Run Behavior\BuildLiteBehavior [ RunTime:0.000022s ]
INFO: [ app_init ] --END-- [ RunTime:0.000651s ]
INFO: [ app_begin ] --START--
INFO: Run Behavior\ReadHtmlCacheBehavior [ RunTime:0.000575s ]
INFO: [ app_begin ] --END-- [ RunTime:0.000637s ]
NOTIC: [8192] mysql_connect(): The mysql extension is deprecated and will be removed in the future: use mysqli or PDO instead D:\xampp\htdocs\work\pv_shop\ThinkPHP\Library\Think\Db\Driver\Mysql.class.php 第 52 行.
SQL: SHOW COLUMNS FROM `cates` [ RunTime:0.007594s ]
SQL: SELECT * FROM `cates` WHERE ( pid=0 )  [ RunTime:0.000674s ]
SQL: SHOW COLUMNS FROM `view` [ RunTime:0.005875s ]
SQL: SELECT * FROM `view`  [ RunTime:0.000605s ]
SQL: SHOW COLUMNS FROM `recommend` [ RunTime:0.005208s ]
SQL: SELECT * FROM `recommend` WHERE ( cate_id = 1 and  status = 1 ) ORDER BY id desc LIMIT 2   [ RunTime:0.000519s ]
SQL: SELECT * FROM `recommend` WHERE ( cate_id = 3 and  status = 1 ) ORDER BY id desc LIMIT 2   [ RunTime:0.000359s ]
SQL: SELECT * FROM `recommend` WHERE ( cate_id = 4 and  status = 1 ) ORDER BY id desc LIMIT 2   [ RunTime:0.000341s ]
INFO: [ view_parse ] --START--
INFO: [ template_filter ] --START--
INFO: Run Behavior\ContentReplaceBehavior [ RunTime:0.000085s ]
INFO: [ template_filter ] --END-- [ RunTime:0.000134s ]
INFO: Run Behavior\ParseTemplateBehavior [ RunTime:0.012203s ]
INFO: [ view_parse ] --END-- [ RunTime:0.012283s ]
INFO: [ view_filter ] --START--
INFO: Run Behavior\WriteHtmlCacheBehavior [ RunTime:0.000242s ]
INFO: [ view_filter ] --END-- [ RunTime:0.000277s ]
INFO: [ app_end ] --START--
INFO: Run Behavior\ShowPageTraceBehavior [ RunTime:0.000422s ]
INFO: [ app_end ] --END-- [ RunTime:0.000458s ]

[ 2017-02-03T10:12:23+08:00 ] ::1 /work/pv_shop/index.php/Home/index/cart
INFO: [ app_init ] --START--
INFO: Run Behavior\BuildLiteBehavior [ RunTime:0.000013s ]
INFO: [ app_init ] --END-- [ RunTime:0.000474s ]
INFO: [ app_begin ] --START--
INFO: Run Behavior\ReadHtmlCacheBehavior [ RunTime:0.000578s ]
INFO: [ app_begin ] --END-- [ RunTime:0.000645s ]
NOTIC: [8192] mysql_connect(): The mysql extension is deprecated and will be removed in the future: use mysqli or PDO instead D:\xampp\htdocs\work\pv_shop\ThinkPHP\Library\Think\Db\Driver\Mysql.class.php 第 52 行.
SQL: SHOW COLUMNS FROM `pv_cates` [ RunTime:0.004395s ]
ERR: 1146:Table 'jifen_shop.pv_cates' doesn't exist
 [ SQL语句 ] : SHOW COLUMNS FROM `pv_cates`
SQL: SELECT `pid` FROM `pv_cates` WHERE ( id=9 )  [ RunTime:0.000510s ]
ERR: 1146:Table 'jifen_shop.pv_cates' doesn't exist
 [ SQL语句 ] : SELECT `pid` FROM `pv_cates` WHERE ( id=9 ) 
NOTIC: [2] Invalid argument supplied for foreach() D:\xampp\htdocs\work\pv_shop\Application\Home\Controller\IndexController.class.php 第 115 行.
INFO: [ view_parse ] --START--
INFO: [ template_filter ] --START--
INFO: Run Behavior\ContentReplaceBehavior [ RunTime:0.000068s ]
INFO: [ template_filter ] --END-- [ RunTime:0.000115s ]
INFO: Run Behavior\ParseTemplateBehavior [ RunTime:0.009926s ]
INFO: [ view_parse ] --END-- [ RunTime:0.010018s ]
INFO: [ view_filter ] --START--
INFO: Run Behavior\WriteHtmlCacheBehavior [ RunTime:0.000276s ]
INFO: [ view_filter ] --END-- [ RunTime:0.000314s ]
INFO: [ app_end ] --START--
INFO: Run Behavior\ShowPageTraceBehavior [ RunTime:0.000454s ]
INFO: [ app_end ] --END-- [ RunTime:0.000498s ]

[ 2017-02-03T10:12:26+08:00 ] ::1 /work/pv_shop/index.php/Home/Index/commit
INFO: [ app_init ] --START--
INFO: Run Behavior\BuildLiteBehavior [ RunTime:0.000013s ]
INFO: [ app_init ] --END-- [ RunTime:0.000385s ]
INFO: [ app_begin ] --START--
INFO: Run Behavior\ReadHtmlCacheBehavior [ RunTime:0.000470s ]
INFO: [ app_begin ] --END-- [ RunTime:0.000518s ]
NOTIC: [8192] mysql_connect(): The mysql extension is deprecated and will be removed in the future: use mysqli or PDO instead D:\xampp\htdocs\work\pv_shop\ThinkPHP\Library\Think\Db\Driver\Mysql.class.php 第 52 行.
SQL: SHOW COLUMNS FROM `address` [ RunTime:0.026541s ]
SQL: SELECT * FROM `address` WHERE ( user_id=1 and isdefault = 1 ) LIMIT 1   [ RunTime:0.001019s ]
SQL: SELECT * FROM `address` WHERE ( user_id=1 and isdefault = 0 )  [ RunTime:0.000630s ]
INFO: [ view_parse ] --START--
INFO: [ template_filter ] --START--
INFO: Run Behavior\ContentReplaceBehavior [ RunTime:0.000122s ]
INFO: [ template_filter ] --END-- [ RunTime:0.000175s ]
SQL: SHOW COLUMNS FROM `areas` [ RunTime:0.022986s ]
SQL: SELECT * FROM `areas` WHERE ( areaid=1 ) LIMIT 1   [ RunTime:0.050157s ]
SQL: SELECT * FROM `areas` WHERE ( areaid=38 ) LIMIT 1   [ RunTime:0.013041s ]
SQL: SELECT * FROM `areas` WHERE ( areaid=577 ) LIMIT 1   [ RunTime:0.001420s ]
SQL: SELECT * FROM `areas` WHERE ( areaid=16 ) LIMIT 1   [ RunTime:0.002036s ]
SQL: SELECT * FROM `areas` WHERE ( areaid=255 ) LIMIT 1   [ RunTime:0.002265s ]
SQL: SELECT * FROM `areas` WHERE ( areaid=2791 ) LIMIT 1   [ RunTime:0.015323s ]
SQL: SELECT * FROM `areas` WHERE ( areaid=4 ) LIMIT 1   [ RunTime:0.001911s ]
SQL: SELECT * FROM `areas` WHERE ( areaid=87 ) LIMIT 1   [ RunTime:0.000970s ]
SQL: SELECT * FROM `areas` WHERE ( areaid=1324 ) LIMIT 1   [ RunTime:0.000979s ]
SQL: SELECT * FROM `areas` WHERE ( areaid=2 ) LIMIT 1   [ RunTime:0.001612s ]
SQL: SELECT * FROM `areas` WHERE ( areaid=57 ) LIMIT 1   [ RunTime:0.001406s ]
SQL: SELECT * FROM `areas` WHERE ( areaid=904 ) LIMIT 1   [ RunTime:0.001072s ]
SQL: SELECT * FROM `areas` WHERE ( areaid=1 ) LIMIT 1   [ RunTime:0.001872s ]
SQL: SELECT * FROM `areas` WHERE ( areaid=38 ) LIMIT 1   [ RunTime:0.000698s ]
SQL: SELECT * FROM `areas` WHERE ( areaid=578 ) LIMIT 1   [ RunTime:0.000989s ]
SQL: SELECT * FROM `areas` WHERE ( areaid=2 ) LIMIT 1   [ RunTime:0.001177s ]
SQL: SELECT * FROM `areas` WHERE ( areaid=56 ) LIMIT 1   [ RunTime:0.001155s ]
SQL: SELECT * FROM `areas` WHERE ( areaid=891 ) LIMIT 1   [ RunTime:0.001232s ]
SQL: SELECT * FROM `areas` WHERE ( areaid=3 ) LIMIT 1   [ RunTime:0.002344s ]
SQL: SELECT * FROM `areas` WHERE ( areaid=75 ) LIMIT 1   [ RunTime:0.001296s ]
SQL: SELECT * FROM `areas` WHERE ( areaid=1164 ) LIMIT 1   [ RunTime:0.001095s ]
SQL: SELECT * FROM `areas` WHERE ( areaid=3 ) LIMIT 1   [ RunTime:0.001288s ]
SQL: SELECT * FROM `areas` WHERE ( areaid=75 ) LIMIT 1   [ RunTime:0.000678s ]
SQL: SELECT * FROM `areas` WHERE ( areaid=1165 ) LIMIT 1   [ RunTime:0.001062s ]
SQL: SELECT * FROM `areas` WHERE ( areaid=3 ) LIMIT 1   [ RunTime:0.001338s ]
SQL: SELECT * FROM `areas` WHERE ( areaid=75 ) LIMIT 1   [ RunTime:0.000799s ]
SQL: SELECT * FROM `areas` WHERE ( areaid=1165 ) LIMIT 1   [ RunTime:0.000749s ]
NOTIC: [8] Use of undefined constant price - assumed 'price' D:\xampp\htdocs\work\pv_shop\Application\Runtime\Cache\Home\734100509da15029351b2e168f87f53c.php 第 81 行.
INFO: Run Behavior\ParseTemplateBehavior [ RunTime:0.161974s ]
INFO: [ view_parse ] --END-- [ RunTime:0.162039s ]
INFO: [ view_filter ] --START--
INFO: Run Behavior\WriteHtmlCacheBehavior [ RunTime:0.000572s ]
INFO: [ view_filter ] --END-- [ RunTime:0.000647s ]
INFO: [ app_end ] --START--
INFO: Run Behavior\ShowPageTraceBehavior [ RunTime:0.000596s ]
INFO: [ app_end ] --END-- [ RunTime:0.000663s ]

[ 2017-02-03T10:12:31+08:00 ] ::1 /work/pv_shop/index.php/Home/address/address?pid=0
INFO: [ app_init ] --START--
INFO: Run Behavior\BuildLiteBehavior [ RunTime:0.000017s ]
INFO: [ app_init ] --END-- [ RunTime:0.000531s ]
INFO: [ app_begin ] --START--
INFO: Run Behavior\ReadHtmlCacheBehavior [ RunTime:0.000622s ]
INFO: [ app_begin ] --END-- [ RunTime:0.000706s ]
NOTIC: [8192] mysql_connect(): The mysql extension is deprecated and will be removed in the future: use mysqli or PDO instead D:\xampp\htdocs\work\pv_shop\ThinkPHP\Library\Think\Db\Driver\Mysql.class.php 第 52 行.
SQL: SHOW COLUMNS FROM `areas` [ RunTime:0.007625s ]
SQL: SELECT * FROM `areas` WHERE ( parentid=0 ) ORDER BY areaid asc  [ RunTime:0.297895s ]
INFO: [ app_end ] --START--
INFO: Run Behavior\ShowPageTraceBehavior [ RunTime:0.001041s ]
INFO: [ app_end ] --END-- [ RunTime:0.001129s ]

[ 2017-02-03T10:12:32+08:00 ] ::1 /work/pv_shop/index.php/Home/address/address?pid=0
INFO: [ app_init ] --START--
INFO: Run Behavior\BuildLiteBehavior [ RunTime:0.000013s ]
INFO: [ app_init ] --END-- [ RunTime:0.000407s ]
INFO: [ app_begin ] --START--
INFO: Run Behavior\ReadHtmlCacheBehavior [ RunTime:0.000532s ]
INFO: [ app_begin ] --END-- [ RunTime:0.000623s ]
NOTIC: [8192] mysql_connect(): The mysql extension is deprecated and will be removed in the future: use mysqli or PDO instead D:\xampp\htdocs\work\pv_shop\ThinkPHP\Library\Think\Db\Driver\Mysql.class.php 第 52 行.
SQL: SHOW COLUMNS FROM `areas` [ RunTime:0.005367s ]
SQL: SELECT * FROM `areas` WHERE ( parentid=0 ) ORDER BY areaid asc  [ RunTime:0.033565s ]
INFO: [ app_end ] --START--
INFO: Run Behavior\ShowPageTraceBehavior [ RunTime:0.000993s ]
INFO: [ app_end ] --END-- [ RunTime:0.001110s ]

[ 2017-02-03T10:12:34+08:00 ] ::1 /work/pv_shop/index.php/Home/address/address?pid=0
INFO: [ app_init ] --START--
INFO: Run Behavior\BuildLiteBehavior [ RunTime:0.000012s ]
INFO: [ app_init ] --END-- [ RunTime:0.000408s ]
INFO: [ app_begin ] --START--
INFO: Run Behavior\ReadHtmlCacheBehavior [ RunTime:0.000541s ]
INFO: [ app_begin ] --END-- [ RunTime:0.000626s ]
NOTIC: [8192] mysql_connect(): The mysql extension is deprecated and will be removed in the future: use mysqli or PDO instead D:\xampp\htdocs\work\pv_shop\ThinkPHP\Library\Think\Db\Driver\Mysql.class.php 第 52 行.
SQL: SHOW COLUMNS FROM `areas` [ RunTime:0.005273s ]
SQL: SELECT * FROM `areas` WHERE ( parentid=0 ) ORDER BY areaid asc  [ RunTime:0.031648s ]
INFO: [ app_end ] --START--
INFO: Run Behavior\ShowPageTraceBehavior [ RunTime:0.000841s ]
INFO: [ app_end ] --END-- [ RunTime:0.000913s ]

[ 2017-02-03T10:12:34+08:00 ] ::1 /work/pv_shop/index.php/Home/address/address?pid=0
INFO: [ app_init ] --START--
INFO: Run Behavior\BuildLiteBehavior [ RunTime:0.000012s ]
INFO: [ app_init ] --END-- [ RunTime:0.000391s ]
INFO: [ app_begin ] --START--
INFO: Run Behavior\ReadHtmlCacheBehavior [ RunTime:0.000488s ]
INFO: [ app_begin ] --END-- [ RunTime:0.000547s ]
NOTIC: [8192] mysql_connect(): The mysql extension is deprecated and will be removed in the future: use mysqli or PDO instead D:\xampp\htdocs\work\pv_shop\ThinkPHP\Library\Think\Db\Driver\Mysql.class.php 第 52 行.
SQL: SHOW COLUMNS FROM `areas` [ RunTime:0.023618s ]
SQL: SELECT * FROM `areas` WHERE ( parentid=0 ) ORDER BY areaid asc  [ RunTime:0.024346s ]
INFO: [ app_end ] --START--
INFO: Run Behavior\ShowPageTraceBehavior [ RunTime:0.000828s ]
INFO: [ app_end ] --END-- [ RunTime:0.000906s ]

[ 2017-02-03T10:12:34+08:00 ] ::1 /work/pv_shop/index.php/Home/address/address?pid=0
INFO: [ app_init ] --START--
INFO: Run Behavior\BuildLiteBehavior [ RunTime:0.000010s ]
INFO: [ app_init ] --END-- [ RunTime:0.000344s ]
INFO: [ app_begin ] --START--
INFO: Run Behavior\ReadHtmlCacheBehavior [ RunTime:0.000415s ]
INFO: [ app_begin ] --END-- [ RunTime:0.000468s ]
NOTIC: [8192] mysql_connect(): The mysql extension is deprecated and will be removed in the future: use mysqli or PDO instead D:\xampp\htdocs\work\pv_shop\ThinkPHP\Library\Think\Db\Driver\Mysql.class.php 第 52 行.
SQL: SHOW COLUMNS FROM `areas` [ RunTime:0.004673s ]
SQL: SELECT * FROM `areas` WHERE ( parentid=0 ) ORDER BY areaid asc  [ RunTime:0.032484s ]
INFO: [ app_end ] --START--
INFO: Run Behavior\ShowPageTraceBehavior [ RunTime:0.000799s ]
INFO: [ app_end ] --END-- [ RunTime:0.000897s ]

[ 2017-02-03T10:13:22+08:00 ] ::1 /work/pv_shop/index.php/Home/address/address?pid=25
INFO: [ app_init ] --START--
INFO: Run Behavior\BuildLiteBehavior [ RunTime:0.000013s ]
INFO: [ app_init ] --END-- [ RunTime:0.000399s ]
INFO: [ app_begin ] --START--
INFO: Run Behavior\ReadHtmlCacheBehavior [ RunTime:0.000488s ]
INFO: [ app_begin ] --END-- [ RunTime:0.000546s ]
NOTIC: [8192] mysql_connect(): The mysql extension is deprecated and will be removed in the future: use mysqli or PDO instead D:\xampp\htdocs\work\pv_shop\ThinkPHP\Library\Think\Db\Driver\Mysql.class.php 第 52 行.
SQL: SHOW COLUMNS FROM `areas` [ RunTime:0.005012s ]
SQL: SELECT * FROM `areas` WHERE ( parentid=25 ) ORDER BY areaid asc  [ RunTime:0.007936s ]
INFO: [ app_end ] --START--
INFO: Run Behavior\ShowPageTraceBehavior [ RunTime:0.000749s ]
INFO: [ app_end ] --END-- [ RunTime:0.000802s ]

[ 2017-02-03T10:13:24+08:00 ] ::1 /work/pv_shop/index.php/Home/address/address?pid=418
INFO: [ app_init ] --START--
INFO: Run Behavior\BuildLiteBehavior [ RunTime:0.000022s ]
INFO: [ app_init ] --END-- [ RunTime:0.000544s ]
INFO: [ app_begin ] --START--
INFO: Run Behavior\ReadHtmlCacheBehavior [ RunTime:0.000748s ]
INFO: [ app_begin ] --END-- [ RunTime:0.000826s ]
NOTIC: [8192] mysql_connect(): The mysql extension is deprecated and will be removed in the future: use mysqli or PDO instead D:\xampp\htdocs\work\pv_shop\ThinkPHP\Library\Think\Db\Driver\Mysql.class.php 第 52 行.
SQL: SHOW COLUMNS FROM `areas` [ RunTime:0.005254s ]
SQL: SELECT * FROM `areas` WHERE ( parentid=418 ) ORDER BY areaid asc  [ RunTime:0.007199s ]
INFO: [ app_end ] --START--
INFO: Run Behavior\ShowPageTraceBehavior [ RunTime:0.000641s ]
INFO: [ app_end ] --END-- [ RunTime:0.000684s ]

[ 2017-02-03T10:13:27+08:00 ] ::1 /work/pv_shop/index.php/Home/address/address?pid=28
INFO: [ app_init ] --START--
INFO: Run Behavior\BuildLiteBehavior [ RunTime:0.000013s ]
INFO: [ app_init ] --END-- [ RunTime:0.000396s ]
INFO: [ app_begin ] --START--
INFO: Run Behavior\ReadHtmlCacheBehavior [ RunTime:0.000478s ]
INFO: [ app_begin ] --END-- [ RunTime:0.000522s ]
NOTIC: [8192] mysql_connect(): The mysql extension is deprecated and will be removed in the future: use mysqli or PDO instead D:\xampp\htdocs\work\pv_shop\ThinkPHP\Library\Think\Db\Driver\Mysql.class.php 第 52 行.
SQL: SHOW COLUMNS FROM `areas` [ RunTime:0.005696s ]
SQL: SELECT * FROM `areas` WHERE ( parentid=28 ) ORDER BY areaid asc  [ RunTime:0.009852s ]
INFO: [ app_end ] --START--
INFO: Run Behavior\ShowPageTraceBehavior [ RunTime:0.000797s ]
INFO: [ app_end ] --END-- [ RunTime:0.000855s ]

[ 2017-02-03T10:13:28+08:00 ] ::1 /work/pv_shop/index.php/Home/address/address?pid=457
INFO: [ app_init ] --START--
INFO: Run Behavior\BuildLiteBehavior [ RunTime:0.000013s ]
INFO: [ app_init ] --END-- [ RunTime:0.000413s ]
INFO: [ app_begin ] --START--
INFO: Run Behavior\ReadHtmlCacheBehavior [ RunTime:0.000416s ]
INFO: [ app_begin ] --END-- [ RunTime:0.000494s ]
NOTIC: [8192] mysql_connect(): The mysql extension is deprecated and will be removed in the future: use mysqli or PDO instead D:\xampp\htdocs\work\pv_shop\ThinkPHP\Library\Think\Db\Driver\Mysql.class.php 第 52 行.
SQL: SHOW COLUMNS FROM `areas` [ RunTime:0.004711s ]
SQL: SELECT * FROM `areas` WHERE ( parentid=457 ) ORDER BY areaid asc  [ RunTime:0.007129s ]
INFO: [ app_end ] --START--
INFO: Run Behavior\ShowPageTraceBehavior [ RunTime:0.000608s ]
INFO: [ app_end ] --END-- [ RunTime:0.000649s ]

[ 2017-02-03T10:13:30+08:00 ] ::1 /work/pv_shop/index.php/Home/address/address?pid=19
INFO: [ app_init ] --START--
INFO: Run Behavior\BuildLiteBehavior [ RunTime:0.000013s ]
INFO: [ app_init ] --END-- [ RunTime:0.000373s ]
INFO: [ app_begin ] --START--
INFO: Run Behavior\ReadHtmlCacheBehavior [ RunTime:0.000476s ]
INFO: [ app_begin ] --END-- [ RunTime:0.000530s ]
NOTIC: [8192] mysql_connect(): The mysql extension is deprecated and will be removed in the future: use mysqli or PDO instead D:\xampp\htdocs\work\pv_shop\ThinkPHP\Library\Think\Db\Driver\Mysql.class.php 第 52 行.
SQL: SHOW COLUMNS FROM `areas` [ RunTime:0.005776s ]
SQL: SELECT * FROM `areas` WHERE ( parentid=19 ) ORDER BY areaid asc  [ RunTime:0.007480s ]
INFO: [ app_end ] --START--
INFO: Run Behavior\ShowPageTraceBehavior [ RunTime:0.000782s ]
INFO: [ app_end ] --END-- [ RunTime:0.000833s ]

[ 2017-02-03T10:13:31+08:00 ] ::1 /work/pv_shop/index.php/Home/address/address?pid=295
INFO: [ app_init ] --START--
INFO: Run Behavior\BuildLiteBehavior [ RunTime:0.000014s ]
INFO: [ app_init ] --END-- [ RunTime:0.000474s ]
INFO: [ app_begin ] --START--
INFO: Run Behavior\ReadHtmlCacheBehavior [ RunTime:0.000521s ]
INFO: [ app_begin ] --END-- [ RunTime:0.000637s ]
NOTIC: [8192] mysql_connect(): The mysql extension is deprecated and will be removed in the future: use mysqli or PDO instead D:\xampp\htdocs\work\pv_shop\ThinkPHP\Library\Think\Db\Driver\Mysql.class.php 第 52 行.
SQL: SHOW COLUMNS FROM `areas` [ RunTime:0.005458s ]
SQL: SELECT * FROM `areas` WHERE ( parentid=295 ) ORDER BY areaid asc  [ RunTime:0.008208s ]
INFO: [ app_end ] --START--
INFO: Run Behavior\ShowPageTraceBehavior [ RunTime:0.000614s ]
INFO: [ app_end ] --END-- [ RunTime:0.000659s ]

[ 2017-02-03T10:13:32+08:00 ] ::1 /work/pv_shop/index.php/Home/address/address?pid=24
INFO: [ app_init ] --START--
INFO: Run Behavior\BuildLiteBehavior [ RunTime:0.000013s ]
INFO: [ app_init ] --END-- [ RunTime:0.000398s ]
INFO: [ app_begin ] --START--
INFO: Run Behavior\ReadHtmlCacheBehavior [ RunTime:0.000473s ]
INFO: [ app_begin ] --END-- [ RunTime:0.000527s ]
NOTIC: [8192] mysql_connect(): The mysql extension is deprecated and will be removed in the future: use mysqli or PDO instead D:\xampp\htdocs\work\pv_shop\ThinkPHP\Library\Think\Db\Driver\Mysql.class.php 第 52 行.
SQL: SHOW COLUMNS FROM `areas` [ RunTime:0.005368s ]
SQL: SELECT * FROM `areas` WHERE ( parentid=24 ) ORDER BY areaid asc  [ RunTime:0.008302s ]
INFO: [ app_end ] --START--
INFO: Run Behavior\ShowPageTraceBehavior [ RunTime:0.000685s ]
INFO: [ app_end ] --END-- [ RunTime:0.000731s ]

[ 2017-02-03T10:13:33+08:00 ] ::1 /work/pv_shop/index.php/Home/address/address?pid=411
INFO: [ app_init ] --START--
INFO: Run Behavior\BuildLiteBehavior [ RunTime:0.000015s ]
INFO: [ app_init ] --END-- [ RunTime:0.000507s ]
INFO: [ app_begin ] --START--
INFO: Run Behavior\ReadHtmlCacheBehavior [ RunTime:0.000551s ]
INFO: [ app_begin ] --END-- [ RunTime:0.000598s ]
NOTIC: [8192] mysql_connect(): The mysql extension is deprecated and will be removed in the future: use mysqli or PDO instead D:\xampp\htdocs\work\pv_shop\ThinkPHP\Library\Think\Db\Driver\Mysql.class.php 第 52 行.
SQL: SHOW COLUMNS FROM `areas` [ RunTime:0.006369s ]
SQL: SELECT * FROM `areas` WHERE ( parentid=411 ) ORDER BY areaid asc  [ RunTime:0.008954s ]
INFO: [ app_end ] --START--
INFO: Run Behavior\ShowPageTraceBehavior [ RunTime:0.000646s ]
INFO: [ app_end ] --END-- [ RunTime:0.000692s ]

[ 2017-02-03T10:13:36+08:00 ] ::1 /work/pv_shop/index.php/Home/address/address?pid=32
INFO: [ app_init ] --START--
INFO: Run Behavior\BuildLiteBehavior [ RunTime:0.000012s ]
INFO: [ app_init ] --END-- [ RunTime:0.000385s ]
INFO: [ app_begin ] --START--
INFO: Run Behavior\ReadHtmlCacheBehavior [ RunTime:0.000493s ]
INFO: [ app_begin ] --END-- [ RunTime:0.000559s ]
NOTIC: [8192] mysql_connect(): The mysql extension is deprecated and will be removed in the future: use mysqli or PDO instead D:\xampp\htdocs\work\pv_shop\ThinkPHP\Library\Think\Db\Driver\Mysql.class.php 第 52 行.
SQL: SHOW COLUMNS FROM `areas` [ RunTime:0.005418s ]
SQL: SELECT * FROM `areas` WHERE ( parentid=32 ) ORDER BY areaid asc  [ RunTime:0.008743s ]
INFO: [ app_end ] --START--
INFO: Run Behavior\ShowPageTraceBehavior [ RunTime:0.000628s ]
INFO: [ app_end ] --END-- [ RunTime:0.000676s ]

[ 2017-02-03T10:13:38+08:00 ] ::1 /work/pv_shop/index.php/Home/address/address?pid=501
INFO: [ app_init ] --START--
INFO: Run Behavior\BuildLiteBehavior [ RunTime:0.000021s ]
INFO: [ app_init ] --END-- [ RunTime:0.000566s ]
INFO: [ app_begin ] --START--
INFO: Run Behavior\ReadHtmlCacheBehavior [ RunTime:0.000566s ]
INFO: [ app_begin ] --END-- [ RunTime:0.000627s ]
NOTIC: [8192] mysql_connect(): The mysql extension is deprecated and will be removed in the future: use mysqli or PDO instead D:\xampp\htdocs\work\pv_shop\ThinkPHP\Library\Think\Db\Driver\Mysql.class.php 第 52 行.
SQL: SHOW COLUMNS FROM `areas` [ RunTime:0.007076s ]
SQL: SELECT * FROM `areas` WHERE ( parentid=501 ) ORDER BY areaid asc  [ RunTime:0.011141s ]
INFO: [ app_end ] --START--
INFO: Run Behavior\ShowPageTraceBehavior [ RunTime:0.000658s ]
INFO: [ app_end ] --END-- [ RunTime:0.000701s ]

[ 2017-02-03T10:13:44+08:00 ] ::1 /work/pv_shop/index.php/Home/address/address?pid=1
INFO: [ app_init ] --START--
INFO: Run Behavior\BuildLiteBehavior [ RunTime:0.000013s ]
INFO: [ app_init ] --END-- [ RunTime:0.000366s ]
INFO: [ app_begin ] --START--
INFO: Run Behavior\ReadHtmlCacheBehavior [ RunTime:0.000463s ]
INFO: [ app_begin ] --END-- [ RunTime:0.000507s ]
NOTIC: [8192] mysql_connect(): The mysql extension is deprecated and will be removed in the future: use mysqli or PDO instead D:\xampp\htdocs\work\pv_shop\ThinkPHP\Library\Think\Db\Driver\Mysql.class.php 第 52 行.
SQL: SHOW COLUMNS FROM `areas` [ RunTime:0.006030s ]
SQL: SELECT * FROM `areas` WHERE ( parentid=1 ) ORDER BY areaid asc  [ RunTime:0.009490s ]
INFO: [ app_end ] --START--
INFO: Run Behavior\ShowPageTraceBehavior [ RunTime:0.000828s ]
INFO: [ app_end ] --END-- [ RunTime:0.000893s ]

[ 2017-02-03T10:13:46+08:00 ] ::1 /work/pv_shop/index.php/Home/address/address?pid=45
INFO: [ app_init ] --START--
INFO: Run Behavior\BuildLiteBehavior [ RunTime:0.000015s ]
INFO: [ app_init ] --END-- [ RunTime:0.000448s ]
INFO: [ app_begin ] --START--
INFO: Run Behavior\ReadHtmlCacheBehavior [ RunTime:0.000487s ]
INFO: [ app_begin ] --END-- [ RunTime:0.000540s ]
NOTIC: [8192] mysql_connect(): The mysql extension is deprecated and will be removed in the future: use mysqli or PDO instead D:\xampp\htdocs\work\pv_shop\ThinkPHP\Library\Think\Db\Driver\Mysql.class.php 第 52 行.
SQL: SHOW COLUMNS FROM `areas` [ RunTime:0.005240s ]
SQL: SELECT * FROM `areas` WHERE ( parentid=45 ) ORDER BY areaid asc  [ RunTime:0.008047s ]
INFO: [ app_end ] --START--
INFO: Run Behavior\ShowPageTraceBehavior [ RunTime:0.000632s ]
INFO: [ app_end ] --END-- [ RunTime:0.000676s ]

[ 2017-02-03T10:13:48+08:00 ] ::1 /work/pv_shop/index.php/Home/address/address?pid=5
INFO: [ app_init ] --START--
INFO: Run Behavior\BuildLiteBehavior [ RunTime:0.000013s ]
INFO: [ app_init ] --END-- [ RunTime:0.000414s ]
INFO: [ app_begin ] --START--
INFO: Run Behavior\ReadHtmlCacheBehavior [ RunTime:0.000463s ]
INFO: [ app_begin ] --END-- [ RunTime:0.000507s ]
NOTIC: [8192] mysql_connect(): The mysql extension is deprecated and will be removed in the future: use mysqli or PDO instead D:\xampp\htdocs\work\pv_shop\ThinkPHP\Library\Think\Db\Driver\Mysql.class.php 第 52 行.
SQL: SHOW COLUMNS FROM `areas` [ RunTime:0.006991s ]
SQL: SELECT * FROM `areas` WHERE ( parentid=5 ) ORDER BY areaid asc  [ RunTime:0.008345s ]
INFO: [ app_end ] --START--
INFO: Run Behavior\ShowPageTraceBehavior [ RunTime:0.000819s ]
INFO: [ app_end ] --END-- [ RunTime:0.000896s ]

[ 2017-02-03T10:13:49+08:00 ] ::1 /work/pv_shop/index.php/Home/address/address?pid=99
INFO: [ app_init ] --START--
INFO: Run Behavior\BuildLiteBehavior [ RunTime:0.000015s ]
INFO: [ app_init ] --END-- [ RunTime:0.000404s ]
INFO: [ app_begin ] --START--
INFO: Run Behavior\ReadHtmlCacheBehavior [ RunTime:0.000518s ]
INFO: [ app_begin ] --END-- [ RunTime:0.000575s ]
NOTIC: [8192] mysql_connect(): The mysql extension is deprecated and will be removed in the future: use mysqli or PDO instead D:\xampp\htdocs\work\pv_shop\ThinkPHP\Library\Think\Db\Driver\Mysql.class.php 第 52 行.
SQL: SHOW COLUMNS FROM `areas` [ RunTime:0.006820s ]
SQL: SELECT * FROM `areas` WHERE ( parentid=99 ) ORDER BY areaid asc  [ RunTime:0.007820s ]
INFO: [ app_end ] --START--
INFO: Run Behavior\ShowPageTraceBehavior [ RunTime:0.000549s ]
INFO: [ app_end ] --END-- [ RunTime:0.000587s ]

[ 2017-02-03T10:13:53+08:00 ] ::1 /work/pv_shop/index.php/Home/address/address?pid=22
INFO: [ app_init ] --START--
INFO: Run Behavior\BuildLiteBehavior [ RunTime:0.000012s ]
INFO: [ app_init ] --END-- [ RunTime:0.000407s ]
INFO: [ app_begin ] --START--
INFO: Run Behavior\ReadHtmlCacheBehavior [ RunTime:0.000516s ]
INFO: [ app_begin ] --END-- [ RunTime:0.000602s ]
NOTIC: [8192] mysql_connect(): The mysql extension is deprecated and will be removed in the future: use mysqli or PDO instead D:\xampp\htdocs\work\pv_shop\ThinkPHP\Library\Think\Db\Driver\Mysql.class.php 第 52 行.
SQL: SHOW COLUMNS FROM `areas` [ RunTime:0.005774s ]
SQL: SELECT * FROM `areas` WHERE ( parentid=22 ) ORDER BY areaid asc  [ RunTime:0.009711s ]
INFO: [ app_end ] --START--
INFO: Run Behavior\ShowPageTraceBehavior [ RunTime:0.000784s ]
INFO: [ app_end ] --END-- [ RunTime:0.000852s ]

[ 2017-02-03T10:13:58+08:00 ] ::1 /work/pv_shop/index.php/Home/address/address?pid=349
INFO: [ app_init ] --START--
INFO: Run Behavior\BuildLiteBehavior [ RunTime:0.000013s ]
INFO: [ app_init ] --END-- [ RunTime:0.000433s ]
INFO: [ app_begin ] --START--
INFO: Run Behavior\ReadHtmlCacheBehavior [ RunTime:0.000553s ]
INFO: [ app_begin ] --END-- [ RunTime:0.000638s ]
NOTIC: [8192] mysql_connect(): The mysql extension is deprecated and will be removed in the future: use mysqli or PDO instead D:\xampp\htdocs\work\pv_shop\ThinkPHP\Library\Think\Db\Driver\Mysql.class.php 第 52 行.
SQL: SHOW COLUMNS FROM `areas` [ RunTime:0.006065s ]
SQL: SELECT * FROM `areas` WHERE ( parentid=349 ) ORDER BY areaid asc  [ RunTime:0.007556s ]
INFO: [ app_end ] --START--
INFO: Run Behavior\ShowPageTraceBehavior [ RunTime:0.000743s ]
INFO: [ app_end ] --END-- [ RunTime:0.000819s ]

[ 2017-02-03T10:14:00+08:00 ] ::1 /work/pv_shop/index.php/Home/address/address?pid=25
INFO: [ app_init ] --START--
INFO: Run Behavior\BuildLiteBehavior [ RunTime:0.000013s ]
INFO: [ app_init ] --END-- [ RunTime:0.000394s ]
INFO: [ app_begin ] --START--
INFO: Run Behavior\ReadHtmlCacheBehavior [ RunTime:0.000485s ]
INFO: [ app_begin ] --END-- [ RunTime:0.000542s ]
NOTIC: [8192] mysql_connect(): The mysql extension is deprecated and will be removed in the future: use mysqli or PDO instead D:\xampp\htdocs\work\pv_shop\ThinkPHP\Library\Think\Db\Driver\Mysql.class.php 第 52 行.
SQL: SHOW COLUMNS FROM `areas` [ RunTime:0.005246s ]
SQL: SELECT * FROM `areas` WHERE ( parentid=25 ) ORDER BY areaid asc  [ RunTime:0.008024s ]
INFO: [ app_end ] --START--
INFO: Run Behavior\ShowPageTraceBehavior [ RunTime:0.000689s ]
INFO: [ app_end ] --END-- [ RunTime:0.000738s ]

[ 2017-02-03T10:14:03+08:00 ] ::1 /work/pv_shop/index.php/Home/address/address?pid=418
INFO: [ app_init ] --START--
INFO: Run Behavior\BuildLiteBehavior [ RunTime:0.000013s ]
INFO: [ app_init ] --END-- [ RunTime:0.000425s ]
INFO: [ app_begin ] --START--
INFO: Run Behavior\ReadHtmlCacheBehavior [ RunTime:0.000462s ]
INFO: [ app_begin ] --END-- [ RunTime:0.000519s ]
NOTIC: [8192] mysql_connect(): The mysql extension is deprecated and will be removed in the future: use mysqli or PDO instead D:\xampp\htdocs\work\pv_shop\ThinkPHP\Library\Think\Db\Driver\Mysql.class.php 第 52 行.
SQL: SHOW COLUMNS FROM `areas` [ RunTime:0.005538s ]
SQL: SELECT * FROM `areas` WHERE ( parentid=418 ) ORDER BY areaid asc  [ RunTime:0.007640s ]
INFO: [ app_end ] --START--
INFO: Run Behavior\ShowPageTraceBehavior [ RunTime:0.000596s ]
INFO: [ app_end ] --END-- [ RunTime:0.000634s ]

[ 2017-02-03T10:14:34+08:00 ] ::1 /work/pv_shop/
INFO: [ app_init ] --START--
INFO: Run Behavior\BuildLiteBehavior [ RunTime:0.000013s ]
INFO: [ app_init ] --END-- [ RunTime:0.000453s ]
INFO: [ app_begin ] --START--
INFO: Run Behavior\ReadHtmlCacheBehavior [ RunTime:0.000697s ]
INFO: [ app_begin ] --END-- [ RunTime:0.000749s ]
NOTIC: [8192] mysql_connect(): The mysql extension is deprecated and will be removed in the future: use mysqli or PDO instead D:\xampp\htdocs\work\pv_shop\ThinkPHP\Library\Think\Db\Driver\Mysql.class.php 第 52 行.
SQL: SHOW COLUMNS FROM `cates` [ RunTime:0.005353s ]
SQL: SELECT * FROM `cates` WHERE ( pid=0 )  [ RunTime:0.000782s ]
SQL: SHOW COLUMNS FROM `view` [ RunTime:0.005193s ]
SQL: SELECT * FROM `view`  [ RunTime:0.000559s ]
SQL: SHOW COLUMNS FROM `recommend` [ RunTime:0.004882s ]
SQL: SELECT * FROM `recommend` WHERE ( cate_id = 1 and  status = 1 ) ORDER BY id desc LIMIT 2   [ RunTime:0.000591s ]
SQL: SELECT * FROM `recommend` WHERE ( cate_id = 3 and  status = 1 ) ORDER BY id desc LIMIT 2   [ RunTime:0.000356s ]
SQL: SELECT * FROM `recommend` WHERE ( cate_id = 4 and  status = 1 ) ORDER BY id desc LIMIT 2   [ RunTime:0.000334s ]
INFO: [ view_parse ] --START--
INFO: [ template_filter ] --START--
INFO: Run Behavior\ContentReplaceBehavior [ RunTime:0.000072s ]
INFO: [ template_filter ] --END-- [ RunTime:0.000119s ]
INFO: Run Behavior\ParseTemplateBehavior [ RunTime:0.011880s ]
INFO: [ view_parse ] --END-- [ RunTime:0.011936s ]
INFO: [ view_filter ] --START--
INFO: Run Behavior\WriteHtmlCacheBehavior [ RunTime:0.000356s ]
INFO: [ view_filter ] --END-- [ RunTime:0.000389s ]
INFO: [ app_end ] --START--
INFO: Run Behavior\ShowPageTraceBehavior [ RunTime:0.000636s ]
INFO: [ app_end ] --END-- [ RunTime:0.000682s ]

[ 2017-02-03T10:14:37+08:00 ] ::1 /work/pv_shop/index.php/Home/mine/info
INFO: [ app_init ] --START--
INFO: Run Behavior\BuildLiteBehavior [ RunTime:0.000020s ]
INFO: [ app_init ] --END-- [ RunTime:0.000638s ]
INFO: [ app_begin ] --START--
INFO: Run Behavior\ReadHtmlCacheBehavior [ RunTime:0.000846s ]
INFO: [ app_begin ] --END-- [ RunTime:0.001080s ]
INFO: [ view_parse ] --START--
INFO: [ template_filter ] --START--
INFO: Run Behavior\ContentReplaceBehavior [ RunTime:0.000156s ]
INFO: [ template_filter ] --END-- [ RunTime:0.000269s ]
INFO: Run Behavior\ParseTemplateBehavior [ RunTime:0.025362s ]
INFO: [ view_parse ] --END-- [ RunTime:0.025527s ]
INFO: [ view_filter ] --START--
INFO: Run Behavior\WriteHtmlCacheBehavior [ RunTime:0.000633s ]
INFO: [ view_filter ] --END-- [ RunTime:0.000725s ]
INFO: [ app_end ] --START--
INFO: Run Behavior\ShowPageTraceBehavior [ RunTime:0.001187s ]
INFO: [ app_end ] --END-- [ RunTime:0.001290s ]

[ 2017-02-03T10:14:39+08:00 ] ::1 /work/pv_shop/index.php/Home/index/cart
INFO: [ app_init ] --START--
INFO: Run Behavior\BuildLiteBehavior [ RunTime:0.000017s ]
INFO: [ app_init ] --END-- [ RunTime:0.000519s ]
INFO: [ app_begin ] --START--
INFO: Run Behavior\ReadHtmlCacheBehavior [ RunTime:0.000701s ]
INFO: [ app_begin ] --END-- [ RunTime:0.000799s ]
NOTIC: [8192] mysql_connect(): The mysql extension is deprecated and will be removed in the future: use mysqli or PDO instead D:\xampp\htdocs\work\pv_shop\ThinkPHP\Library\Think\Db\Driver\Mysql.class.php 第 52 行.
SQL: SHOW COLUMNS FROM `pv_cates` [ RunTime:0.004641s ]
ERR: 1146:Table 'jifen_shop.pv_cates' doesn't exist
 [ SQL语句 ] : SHOW COLUMNS FROM `pv_cates`
SQL: SELECT `pid` FROM `pv_cates` WHERE ( id=9 )  [ RunTime:0.000729s ]
ERR: 1146:Table 'jifen_shop.pv_cates' doesn't exist
 [ SQL语句 ] : SELECT `pid` FROM `pv_cates` WHERE ( id=9 ) 
NOTIC: [2] Invalid argument supplied for foreach() D:\xampp\htdocs\work\pv_shop\Application\Home\Controller\IndexController.class.php 第 115 行.
INFO: [ view_parse ] --START--
INFO: [ template_filter ] --START--
INFO: Run Behavior\ContentReplaceBehavior [ RunTime:0.000067s ]
INFO: [ template_filter ] --END-- [ RunTime:0.000110s ]
INFO: Run Behavior\ParseTemplateBehavior [ RunTime:0.008417s ]
INFO: [ view_parse ] --END-- [ RunTime:0.008502s ]
INFO: [ view_filter ] --START--
INFO: Run Behavior\WriteHtmlCacheBehavior [ RunTime:0.000229s ]
INFO: [ view_filter ] --END-- [ RunTime:0.000264s ]
INFO: [ app_end ] --START--
INFO: Run Behavior\ShowPageTraceBehavior [ RunTime:0.000448s ]
INFO: [ app_end ] --END-- [ RunTime:0.000567s ]

[ 2017-02-03T10:14:40+08:00 ] ::1 /work/pv_shop/index.php/Home/index/more
INFO: [ app_init ] --START--
INFO: Run Behavior\BuildLiteBehavior [ RunTime:0.000015s ]
INFO: [ app_init ] --END-- [ RunTime:0.000529s ]
INFO: [ app_begin ] --START--
INFO: Run Behavior\ReadHtmlCacheBehavior [ RunTime:0.000799s ]
INFO: [ app_begin ] --END-- [ RunTime:0.000897s ]
NOTIC: [8192] mysql_connect(): The mysql extension is deprecated and will be removed in the future: use mysqli or PDO instead D:\xampp\htdocs\work\pv_shop\ThinkPHP\Library\Think\Db\Driver\Mysql.class.php 第 52 行.
SQL: SHOW COLUMNS FROM `cates` [ RunTime:0.006007s ]
SQL: SELECT * FROM `cates` WHERE ( pid=0 )  [ RunTime:0.001070s ]
INFO: [ view_parse ] --START--
INFO: [ template_filter ] --START--
INFO: Run Behavior\ContentReplaceBehavior [ RunTime:0.000059s ]
INFO: [ template_filter ] --END-- [ RunTime:0.000115s ]
INFO: Run Behavior\ParseTemplateBehavior [ RunTime:0.051521s ]
INFO: [ view_parse ] --END-- [ RunTime:0.051618s ]
INFO: [ view_filter ] --START--
INFO: Run Behavior\WriteHtmlCacheBehavior [ RunTime:0.000225s ]
INFO: [ view_filter ] --END-- [ RunTime:0.000261s ]
INFO: [ app_end ] --START--
INFO: Run Behavior\ShowPageTraceBehavior [ RunTime:0.000424s ]
INFO: [ app_end ] --END-- [ RunTime:0.000458s ]

[ 2017-02-03T10:14:41+08:00 ] ::1 /work/pv_shop/index.php/Home/index/index
INFO: [ app_init ] --START--
INFO: Run Behavior\BuildLiteBehavior [ RunTime:0.000015s ]
INFO: [ app_init ] --END-- [ RunTime:0.000527s ]
INFO: [ app_begin ] --START--
INFO: Run Behavior\ReadHtmlCacheBehavior [ RunTime:0.000652s ]
INFO: [ app_begin ] --END-- [ RunTime:0.000735s ]
NOTIC: [8192] mysql_connect(): The mysql extension is deprecated and will be removed in the future: use mysqli or PDO instead D:\xampp\htdocs\work\pv_shop\ThinkPHP\Library\Think\Db\Driver\Mysql.class.php 第 52 行.
SQL: SHOW COLUMNS FROM `cates` [ RunTime:0.005911s ]
SQL: SELECT * FROM `cates` WHERE ( pid=0 )  [ RunTime:0.000969s ]
SQL: SHOW COLUMNS FROM `view` [ RunTime:0.004724s ]
SQL: SELECT * FROM `view`  [ RunTime:0.000616s ]
SQL: SHOW COLUMNS FROM `recommend` [ RunTime:0.004709s ]
SQL: SELECT * FROM `recommend` WHERE ( cate_id = 1 and  status = 1 ) ORDER BY id desc LIMIT 2   [ RunTime:0.000641s ]
SQL: SELECT * FROM `recommend` WHERE ( cate_id = 3 and  status = 1 ) ORDER BY id desc LIMIT 2   [ RunTime:0.000427s ]
SQL: SELECT * FROM `recommend` WHERE ( cate_id = 4 and  status = 1 ) ORDER BY id desc LIMIT 2   [ RunTime:0.000389s ]
INFO: [ view_parse ] --START--
INFO: [ template_filter ] --START--
INFO: Run Behavior\ContentReplaceBehavior [ RunTime:0.000109s ]
INFO: [ template_filter ] --END-- [ RunTime:0.000155s ]
INFO: Run Behavior\ParseTemplateBehavior [ RunTime:0.012579s ]
INFO: [ view_parse ] --END-- [ RunTime:0.012645s ]
INFO: [ view_filter ] --START--
INFO: Run Behavior\WriteHtmlCacheBehavior [ RunTime:0.000519s ]
INFO: [ view_filter ] --END-- [ RunTime:0.000608s ]
INFO: [ app_end ] --START--
INFO: Run Behavior\ShowPageTraceBehavior [ RunTime:0.000546s ]
INFO: [ app_end ] --END-- [ RunTime:0.000591s ]

[ 2017-02-03T10:20:40+08:00 ] ::1 /work/pv_shop/index.php/Home/mine/info
INFO: [ app_init ] --START--
INFO: Run Behavior\BuildLiteBehavior [ RunTime:0.000021s ]
INFO: [ app_init ] --END-- [ RunTime:0.000660s ]
INFO: [ app_begin ] --START--
INFO: Run Behavior\ReadHtmlCacheBehavior [ RunTime:0.000873s ]
INFO: [ app_begin ] --END-- [ RunTime:0.000955s ]
INFO: [ view_parse ] --START--
INFO: [ template_filter ] --START--
INFO: Run Behavior\ContentReplaceBehavior [ RunTime:0.000066s ]
INFO: [ template_filter ] --END-- [ RunTime:0.000116s ]
INFO: Run Behavior\ParseTemplateBehavior [ RunTime:0.010586s ]
INFO: [ view_parse ] --END-- [ RunTime:0.010676s ]
INFO: [ view_filter ] --START--
INFO: Run Behavior\WriteHtmlCacheBehavior [ RunTime:0.000423s ]
INFO: [ view_filter ] --END-- [ RunTime:0.000462s ]
INFO: [ app_end ] --START--
INFO: Run Behavior\ShowPageTraceBehavior [ RunTime:0.000589s ]
INFO: [ app_end ] --END-- [ RunTime:0.000629s ]

