[ 2017-01-18T12:01:16+08:00 ] ::1 /work/pv_shop/
INFO: [ app_init ] --START--
INFO: Run Behavior\BuildLiteBehavior [ RunTime:0.000044s ]
INFO: [ app_init ] --END-- [ RunTime:0.088959s ]
INFO: [ app_begin ] --START--
INFO: Run Behavior\ReadHtmlCacheBehavior [ RunTime:0.010060s ]
INFO: [ app_begin ] --END-- [ RunTime:0.010160s ]
NOTIC: [8192] mysql_connect(): The mysql extension is deprecated and will be removed in the future: use mysqli or PDO instead D:\xampp\htdocs\work\pv_shop\ThinkPHP\Library\Think\Db\Driver\Mysql.class.php 第 52 行.
SQL: SHOW COLUMNS FROM `cates` [ RunTime:0.502632s ]
SQL: SELECT * FROM `cates` WHERE ( pid=0 )  [ RunTime:0.057435s ]
SQL: SHOW COLUMNS FROM `view` [ RunTime:0.234983s ]
SQL: SELECT * FROM `view`  [ RunTime:0.002873s ]
INFO: [ view_parse ] --START--
INFO: [ template_filter ] --START--
INFO: Run Behavior\ContentReplaceBehavior [ RunTime:0.000123s ]
INFO: [ template_filter ] --END-- [ RunTime:0.000226s ]
INFO: Run Behavior\ParseTemplateBehavior [ RunTime:0.596212s ]
INFO: [ view_parse ] --END-- [ RunTime:0.596345s ]
INFO: [ view_filter ] --START--
INFO: Run Behavior\WriteHtmlCacheBehavior [ RunTime:0.017513s ]
INFO: [ view_filter ] --END-- [ RunTime:0.017597s ]
INFO: [ app_end ] --START--
INFO: Run Behavior\ShowPageTraceBehavior [ RunTime:0.029999s ]
INFO: [ app_end ] --END-- [ RunTime:0.030087s ]

