[ 2017-02-04T12:03:44+08:00 ] ::1 /work/pv_shop/
INFO: [ app_init ] --START--
INFO: Run Behavior\BuildLiteBehavior [ RunTime:0.000022s ]
INFO: [ app_init ] --END-- [ RunTime:0.071120s ]
INFO: [ app_begin ] --START--
INFO: Run Behavior\ReadHtmlCacheBehavior [ RunTime:0.011450s ]
INFO: [ app_begin ] --END-- [ RunTime:0.011534s ]
NOTIC: [8192] mysql_connect(): The mysql extension is deprecated and will be removed in the future: use mysqli or PDO instead D:\xampp\htdocs\work\pv_shop\ThinkPHP\Library\Think\Db\Driver\Mysql.class.php 第 52 行.
SQL: SHOW COLUMNS FROM `cates` [ RunTime:1.319594s ]
SQL: SELECT * FROM `cates` WHERE ( pid=0 )  [ RunTime:0.094121s ]
SQL: SHOW COLUMNS FROM `view` [ RunTime:0.083693s ]
SQL: SELECT * FROM `view`  [ RunTime:0.013902s ]
SQL: SHOW COLUMNS FROM `recommend` [ RunTime:0.468807s ]
SQL: SELECT * FROM `recommend` WHERE ( cate_id = 1 and  status = 1 ) ORDER BY id desc LIMIT 2   [ RunTime:0.002610s ]
SQL: SELECT * FROM `recommend` WHERE ( cate_id = 3 and  status = 1 ) ORDER BY id desc LIMIT 2   [ RunTime:0.002751s ]
SQL: SELECT * FROM `recommend` WHERE ( cate_id = 4 and  status = 1 ) ORDER BY id desc LIMIT 2   [ RunTime:0.004733s ]
INFO: [ view_parse ] --START--
INFO: [ template_filter ] --START--
INFO: Run Behavior\ContentReplaceBehavior [ RunTime:0.000276s ]
INFO: [ template_filter ] --END-- [ RunTime:0.000412s ]
INFO: Run Behavior\ParseTemplateBehavior [ RunTime:0.374037s ]
INFO: [ view_parse ] --END-- [ RunTime:0.374170s ]
INFO: [ view_filter ] --START--
INFO: Run Behavior\WriteHtmlCacheBehavior [ RunTime:0.031076s ]
INFO: [ view_filter ] --END-- [ RunTime:0.031178s ]
INFO: [ app_end ] --START--
INFO: Run Behavior\ShowPageTraceBehavior [ RunTime:0.018215s ]
INFO: [ app_end ] --END-- [ RunTime:0.018343s ]

[ 2017-02-04T14:58:43+08:00 ] ::1 /work/pv_shop/
INFO: [ app_init ] --START--
INFO: Run Behavior\BuildLiteBehavior [ RunTime:0.000015s ]
INFO: [ app_init ] --END-- [ RunTime:0.033402s ]
INFO: [ app_begin ] --START--
INFO: Run Behavior\ReadHtmlCacheBehavior [ RunTime:0.043219s ]
INFO: [ app_begin ] --END-- [ RunTime:0.043290s ]
NOTIC: [8192] mysql_connect(): The mysql extension is deprecated and will be removed in the future: use mysqli or PDO instead D:\xampp\htdocs\work\pv_shop\ThinkPHP\Library\Think\Db\Driver\Mysql.class.php 第 52 行.
SQL: SHOW COLUMNS FROM `cates` [ RunTime:0.024639s ]
SQL: SELECT * FROM `cates` WHERE ( pid=0 )  [ RunTime:0.001802s ]
SQL: SHOW COLUMNS FROM `view` [ RunTime:0.006133s ]
SQL: SELECT * FROM `view`  [ RunTime:0.001517s ]
SQL: SHOW COLUMNS FROM `recommend` [ RunTime:0.006691s ]
SQL: SELECT * FROM `recommend` WHERE ( cate_id = 1 and  status = 1 ) ORDER BY id desc LIMIT 2   [ RunTime:0.001449s ]
SQL: SELECT * FROM `recommend` WHERE ( cate_id = 3 and  status = 1 ) ORDER BY id desc LIMIT 2   [ RunTime:0.001185s ]
SQL: SELECT * FROM `recommend` WHERE ( cate_id = 4 and  status = 1 ) ORDER BY id desc LIMIT 2   [ RunTime:0.001007s ]
INFO: [ view_parse ] --START--
INFO: [ template_filter ] --START--
INFO: Run Behavior\ContentReplaceBehavior [ RunTime:0.000103s ]
INFO: [ template_filter ] --END-- [ RunTime:0.000171s ]
INFO: Run Behavior\ParseTemplateBehavior [ RunTime:0.099316s ]
INFO: [ view_parse ] --END-- [ RunTime:0.099402s ]
INFO: [ view_filter ] --START--
INFO: Run Behavior\WriteHtmlCacheBehavior [ RunTime:0.063223s ]
INFO: [ view_filter ] --END-- [ RunTime:0.063447s ]
INFO: [ app_end ] --START--
INFO: Run Behavior\ShowPageTraceBehavior [ RunTime:0.021536s ]
INFO: [ app_end ] --END-- [ RunTime:0.021648s ]

